2024-06-25 15:06:08 INFO  HomePage :58 - Mouse hover on desktops Tab and click [[ChromeDriver: chrome on windows (20e355be99c6e70b73c1a37fe3d492ca)] -> link text: Desktops]
2024-06-25 15:06:525 INFO  HomePage :53 - Click Show AllDesktops from homepage Top menu  [[[ChromeDriver: chrome on windows (20e355be99c6e70b73c1a37fe3d492ca)] -> xpath: //nav[@id='menu']//ul/li[contains(@class, 'open')]/div/child::*], [[ChromeDriver: chrome on windows (20e355be99c6e70b73c1a37fe3d492ca)] -> xpath: //nav[@id='menu']//ul/li[contains(@class, 'open')]/div/child::*]]
2024-06-25 15:06:550 INFO  DesktopPage :62 - Select option product sorted by Name (Z - A)from sort by options [[ChromeDriver: chrome on windows (20e355be99c6e70b73c1a37fe3d492ca)] -> id: input-sort]
2024-06-25 15:06:967 INFO  HomePage :77 - Clicking on Currency on top of page [[ChromeDriver: chrome on windows (7106850ab14f230d91323221c8ed3ac2)] -> xpath: //span[normalize-space()='Currency']]
2024-06-25 15:06:54 INFO  HomePage :81 - Clicking on £Pound Sterling on top of page [[ChromeDriver: chrome on windows (7106850ab14f230d91323221c8ed3ac2)] -> xpath: //button[contains(text(),'£Pound Sterling')]]
2024-06-25 15:06:229 INFO  HomePage :58 - Mouse hover on desktops Tab and click [[ChromeDriver: chrome on windows (7106850ab14f230d91323221c8ed3ac2)] -> link text: Desktops]
2024-06-25 15:06:721 INFO  HomePage :53 - Click Show AllDesktops from homepage Top menu  [[[ChromeDriver: chrome on windows (7106850ab14f230d91323221c8ed3ac2)] -> xpath: //nav[@id='menu']//ul/li[contains(@class, 'open')]/div/child::*], [[ChromeDriver: chrome on windows (7106850ab14f230d91323221c8ed3ac2)] -> xpath: //nav[@id='menu']//ul/li[contains(@class, 'open')]/div/child::*]]
2024-06-25 15:06:312 INFO  DesktopPage :62 - Select option product sorted by Name (Z - A)from sort by options [[ChromeDriver: chrome on windows (7106850ab14f230d91323221c8ed3ac2)] -> id: input-sort]
2024-06-25 15:06:705 INFO  DesktopPage :70 - Clicking on HTC Touch HD [[ChromeDriver: chrome on windows (7106850ab14f230d91323221c8ed3ac2)] -> xpath: //h4/a]
2024-06-25 15:06:723 INFO  ProductPage :54 - Verify Product name : [[ChromeDriver: chrome on windows (7106850ab14f230d91323221c8ed3ac2)] -> css selector: div[id='content'] h1]
2024-06-25 15:06:877 INFO  ProductPage :84 - Clicking on Login Button [[ChromeDriver: chrome on windows (7106850ab14f230d91323221c8ed3ac2)] -> xpath: //button[@id='button-cart']]
2024-06-25 15:06:330 INFO  ProductPage :88 - Verify the Message “Success: You have added product to your shopping cart!” [[ChromeDriver: chrome on windows (7106850ab14f230d91323221c8ed3ac2)] -> xpath: //div[@class='alert alert-success alert-dismissible']]
2024-06-25 15:06:485 INFO  ProductPage :100 - Click on link “shopping cart” display into success message [[ChromeDriver: chrome on windows (7106850ab14f230d91323221c8ed3ac2)] -> xpath: //a[contains(text(),'shopping cart')]]
2024-06-25 15:06:556 INFO  ShoppingCartPage :39 -  Verify the text Shopping Cart Proxy element for: DefaultElementLocator 'By.xpath: //h1[contains(text(),'Shopping Cart')]'
2024-06-25 15:06:660 INFO  HomePage :77 - Clicking on Currency on top of page [[ChromeDriver: chrome on windows (f86d5f5014256ce9d647453bf4552ef9)] -> xpath: //span[normalize-space()='Currency']]
2024-06-25 15:06:677 INFO  HomePage :81 - Clicking on £Pound Sterling on top of page [[ChromeDriver: chrome on windows (f86d5f5014256ce9d647453bf4552ef9)] -> xpath: //button[contains(text(),'£Pound Sterling')]]
2024-06-25 15:06:841 INFO  HomePage :58 - Mouse hover on desktops Tab and click [[ChromeDriver: chrome on windows (f86d5f5014256ce9d647453bf4552ef9)] -> link text: Desktops]
2024-06-25 15:06:352 INFO  HomePage :53 - Click Show AllDesktops from homepage Top menu  [[[ChromeDriver: chrome on windows (f86d5f5014256ce9d647453bf4552ef9)] -> xpath: //nav[@id='menu']//ul/li[contains(@class, 'open')]/div/child::*], [[ChromeDriver: chrome on windows (f86d5f5014256ce9d647453bf4552ef9)] -> xpath: //nav[@id='menu']//ul/li[contains(@class, 'open')]/div/child::*]]
2024-06-25 15:06:982 INFO  DesktopPage :62 - Select option product sorted by Name (Z - A)from sort by options [[ChromeDriver: chrome on windows (f86d5f5014256ce9d647453bf4552ef9)] -> id: input-sort]
2024-06-25 15:06:457 INFO  DesktopPage :70 - Clicking on iPhone [[ChromeDriver: chrome on windows (f86d5f5014256ce9d647453bf4552ef9)] -> xpath: //h4/a]
2024-06-25 15:06:472 INFO  ProductPage :54 - Verify Product name : [[ChromeDriver: chrome on windows (f86d5f5014256ce9d647453bf4552ef9)] -> css selector: div[id='content'] h1]
2024-06-25 15:06:634 INFO  ProductPage :84 - Clicking on Login Button [[ChromeDriver: chrome on windows (f86d5f5014256ce9d647453bf4552ef9)] -> xpath: //button[@id='button-cart']]
2024-06-25 15:06:106 INFO  ProductPage :88 - Verify the Message “Success: You have added product to your shopping cart!” [[ChromeDriver: chrome on windows (f86d5f5014256ce9d647453bf4552ef9)] -> xpath: //div[@class='alert alert-success alert-dismissible']]
2024-06-25 15:06:265 INFO  ProductPage :100 - Click on link “shopping cart” display into success message [[ChromeDriver: chrome on windows (f86d5f5014256ce9d647453bf4552ef9)] -> xpath: //a[contains(text(),'shopping cart')]]
2024-06-25 15:06:307 INFO  ShoppingCartPage :39 -  Verify the text Shopping Cart Proxy element for: DefaultElementLocator 'By.xpath: //h1[contains(text(),'Shopping Cart')]'
2024-06-25 15:06:355 INFO  HomePage :77 - Clicking on Currency on top of page [[ChromeDriver: chrome on windows (70fe3a6b7edb908eb2452f1ab9255e67)] -> xpath: //span[normalize-space()='Currency']]
2024-06-25 15:06:390 INFO  HomePage :81 - Clicking on £Pound Sterling on top of page [[ChromeDriver: chrome on windows (70fe3a6b7edb908eb2452f1ab9255e67)] -> xpath: //button[contains(text(),'£Pound Sterling')]]
2024-06-25 15:06:542 INFO  HomePage :58 - Mouse hover on desktops Tab and click [[ChromeDriver: chrome on windows (70fe3a6b7edb908eb2452f1ab9255e67)] -> link text: Desktops]
2024-06-25 15:06:34 INFO  HomePage :53 - Click Show AllDesktops from homepage Top menu  [[[ChromeDriver: chrome on windows (70fe3a6b7edb908eb2452f1ab9255e67)] -> xpath: //nav[@id='menu']//ul/li[contains(@class, 'open')]/div/child::*], [[ChromeDriver: chrome on windows (70fe3a6b7edb908eb2452f1ab9255e67)] -> xpath: //nav[@id='menu']//ul/li[contains(@class, 'open')]/div/child::*]]
2024-06-25 15:06:629 INFO  DesktopPage :62 - Select option product sorted by Name (Z - A)from sort by options [[ChromeDriver: chrome on windows (70fe3a6b7edb908eb2452f1ab9255e67)] -> id: input-sort]
2024-06-25 15:06:103 INFO  DesktopPage :70 - Clicking on iPod Classic [[ChromeDriver: chrome on windows (70fe3a6b7edb908eb2452f1ab9255e67)] -> xpath: //h4/a]
2024-06-25 15:06:116 INFO  ProductPage :54 - Verify Product name : [[ChromeDriver: chrome on windows (70fe3a6b7edb908eb2452f1ab9255e67)] -> css selector: div[id='content'] h1]
2024-06-25 15:06:273 INFO  ProductPage :84 - Clicking on Login Button [[ChromeDriver: chrome on windows (70fe3a6b7edb908eb2452f1ab9255e67)] -> xpath: //button[@id='button-cart']]
2024-06-25 15:06:320 INFO  ProductPage :88 - Verify the Message “Success: You have added product to your shopping cart!” [[ChromeDriver: chrome on windows (70fe3a6b7edb908eb2452f1ab9255e67)] -> xpath: //div[@class='alert alert-success alert-dismissible']]
2024-06-25 15:06:461 INFO  ProductPage :100 - Click on link “shopping cart” display into success message [[ChromeDriver: chrome on windows (70fe3a6b7edb908eb2452f1ab9255e67)] -> xpath: //a[contains(text(),'shopping cart')]]
2024-06-25 15:06:529 INFO  ShoppingCartPage :39 -  Verify the text Shopping Cart Proxy element for: DefaultElementLocator 'By.xpath: //h1[contains(text(),'Shopping Cart')]'
2024-06-25 15:06:946 INFO  HomePage :77 - Clicking on Currency on top of page [[ChromeDriver: chrome on windows (756dfb8bd90616958eb338220255f979)] -> xpath: //span[normalize-space()='Currency']]
2024-06-25 15:06:960 INFO  HomePage :81 - Clicking on £Pound Sterling on top of page [[ChromeDriver: chrome on windows (756dfb8bd90616958eb338220255f979)] -> xpath: //button[contains(text(),'£Pound Sterling')]]
2024-06-25 15:06:130 INFO  HomePage :58 - Mouse hover on desktops Tab and click [[ChromeDriver: chrome on windows (756dfb8bd90616958eb338220255f979)] -> link text: Desktops]
2024-06-25 15:06:801 INFO  HomePage :53 - Click Show AllDesktops from homepage Top menu  [[[ChromeDriver: chrome on windows (756dfb8bd90616958eb338220255f979)] -> xpath: //nav[@id='menu']//ul/li[contains(@class, 'open')]/div/child::*], [[ChromeDriver: chrome on windows (756dfb8bd90616958eb338220255f979)] -> xpath: //nav[@id='menu']//ul/li[contains(@class, 'open')]/div/child::*]]
2024-06-25 15:06:429 INFO  DesktopPage :62 - Select option product sorted by Name (Z - A)from sort by options [[ChromeDriver: chrome on windows (756dfb8bd90616958eb338220255f979)] -> id: input-sort]
2024-06-25 15:06:482 INFO  DesktopPage :70 - Clicking on MacBook [[ChromeDriver: chrome on windows (756dfb8bd90616958eb338220255f979)] -> xpath: //h4/a]
2024-06-25 15:06:494 INFO  ProductPage :54 - Verify Product name : [[ChromeDriver: chrome on windows (756dfb8bd90616958eb338220255f979)] -> css selector: div[id='content'] h1]
2024-06-25 15:06:654 INFO  ProductPage :84 - Clicking on Login Button [[ChromeDriver: chrome on windows (756dfb8bd90616958eb338220255f979)] -> xpath: //button[@id='button-cart']]
2024-06-25 15:06:178 INFO  ProductPage :88 - Verify the Message “Success: You have added product to your shopping cart!” [[ChromeDriver: chrome on windows (756dfb8bd90616958eb338220255f979)] -> xpath: //div[@class='alert alert-success alert-dismissible']]
2024-06-25 15:06:338 INFO  ProductPage :100 - Click on link “shopping cart” display into success message [[ChromeDriver: chrome on windows (756dfb8bd90616958eb338220255f979)] -> xpath: //a[contains(text(),'shopping cart')]]
2024-06-25 15:06:357 INFO  ShoppingCartPage :39 -  Verify the text Shopping Cart Proxy element for: DefaultElementLocator 'By.xpath: //h1[contains(text(),'Shopping Cart')]'
2024-06-25 15:06:670 INFO  HomePage :77 - Clicking on Currency on top of page [[ChromeDriver: chrome on windows (1285a77e6263c83b11fbca8c729a4a5b)] -> xpath: //span[normalize-space()='Currency']]
2024-06-25 15:06:720 INFO  HomePage :81 - Clicking on £Pound Sterling on top of page [[ChromeDriver: chrome on windows (1285a77e6263c83b11fbca8c729a4a5b)] -> xpath: //button[contains(text(),'£Pound Sterling')]]
2024-06-25 15:06:885 INFO  HomePage :58 - Mouse hover on desktops Tab and click [[ChromeDriver: chrome on windows (1285a77e6263c83b11fbca8c729a4a5b)] -> link text: Desktops]
2024-06-25 15:06:845 INFO  HomePage :53 - Click Show AllDesktops from homepage Top menu  [[[ChromeDriver: chrome on windows (1285a77e6263c83b11fbca8c729a4a5b)] -> xpath: //nav[@id='menu']//ul/li[contains(@class, 'open')]/div/child::*], [[ChromeDriver: chrome on windows (1285a77e6263c83b11fbca8c729a4a5b)] -> xpath: //nav[@id='menu']//ul/li[contains(@class, 'open')]/div/child::*]]
2024-06-25 15:06:465 INFO  DesktopPage :62 - Select option product sorted by Name (Z - A)from sort by options [[ChromeDriver: chrome on windows (1285a77e6263c83b11fbca8c729a4a5b)] -> id: input-sort]
2024-06-25 15:06:862 INFO  DesktopPage :70 - Clicking on MacBook Air [[ChromeDriver: chrome on windows (1285a77e6263c83b11fbca8c729a4a5b)] -> xpath: //h4/a]
2024-06-25 15:06:875 INFO  ProductPage :54 - Verify Product name : [[ChromeDriver: chrome on windows (1285a77e6263c83b11fbca8c729a4a5b)] -> css selector: div[id='content'] h1]
2024-06-25 15:06:45 INFO  ProductPage :84 - Clicking on Login Button [[ChromeDriver: chrome on windows (1285a77e6263c83b11fbca8c729a4a5b)] -> xpath: //button[@id='button-cart']]
2024-06-25 15:06:842 INFO  ProductPage :88 - Verify the Message “Success: You have added product to your shopping cart!” [[ChromeDriver: chrome on windows (1285a77e6263c83b11fbca8c729a4a5b)] -> xpath: //div[@class='alert alert-success alert-dismissible']]
2024-06-25 15:06:983 INFO  ProductPage :100 - Click on link “shopping cart” display into success message [[ChromeDriver: chrome on windows (1285a77e6263c83b11fbca8c729a4a5b)] -> xpath: //a[contains(text(),'shopping cart')]]
2024-06-25 15:06:52 INFO  ShoppingCartPage :39 -  Verify the text Shopping Cart Proxy element for: DefaultElementLocator 'By.xpath: //h1[contains(text(),'Shopping Cart')]'
2024-06-25 16:06:892 INFO  HomePage :77 - Clicking on Currency on top of page [[ChromeDriver: chrome on windows (005d115719bcc94165a9e1cc00a13718)] -> xpath: //span[normalize-space()='Currency']]
2024-06-25 16:06:712 INFO  HomePage :81 - Clicking on £Pound Sterling on top of page [[ChromeDriver: chrome on windows (005d115719bcc94165a9e1cc00a13718)] -> xpath: //button[contains(text(),'£Pound Sterling')]]
2024-06-25 16:06:871 INFO  HomePage :58 - Mouse hover on desktops Tab and click [[ChromeDriver: chrome on windows (005d115719bcc94165a9e1cc00a13718)] -> link text: Desktops]
2024-06-25 16:06:633 INFO  HomePage :53 - Click Show AllDesktops from homepage Top menu  [[[ChromeDriver: chrome on windows (005d115719bcc94165a9e1cc00a13718)] -> xpath: //nav[@id='menu']//ul/li[contains(@class, 'open')]/div/child::*], [[ChromeDriver: chrome on windows (005d115719bcc94165a9e1cc00a13718)] -> xpath: //nav[@id='menu']//ul/li[contains(@class, 'open')]/div/child::*]]
2024-06-25 16:06:232 INFO  DesktopPage :62 - Select option product sorted by Name (Z - A)from sort by options [[ChromeDriver: chrome on windows (005d115719bcc94165a9e1cc00a13718)] -> id: input-sort]
2024-06-25 16:06:678 INFO  DesktopPage :70 - Clicking on Sony VAIO [[ChromeDriver: chrome on windows (005d115719bcc94165a9e1cc00a13718)] -> xpath: //h4/a]
2024-06-25 16:06:689 INFO  ProductPage :54 - Verify Product name : [[ChromeDriver: chrome on windows (005d115719bcc94165a9e1cc00a13718)] -> css selector: div[id='content'] h1]
2024-06-25 16:06:835 INFO  ProductPage :84 - Clicking on Login Button [[ChromeDriver: chrome on windows (005d115719bcc94165a9e1cc00a13718)] -> xpath: //button[@id='button-cart']]
2024-06-25 16:06:342 INFO  ProductPage :88 - Verify the Message “Success: You have added product to your shopping cart!” [[ChromeDriver: chrome on windows (005d115719bcc94165a9e1cc00a13718)] -> xpath: //div[@class='alert alert-success alert-dismissible']]
2024-06-25 16:06:514 INFO  ProductPage :100 - Click on link “shopping cart” display into success message [[ChromeDriver: chrome on windows (005d115719bcc94165a9e1cc00a13718)] -> xpath: //a[contains(text(),'shopping cart')]]
2024-06-25 16:06:575 INFO  ShoppingCartPage :39 -  Verify the text Shopping Cart Proxy element for: DefaultElementLocator 'By.xpath: //h1[contains(text(),'Shopping Cart')]'
2024-06-25 16:06:162 INFO  HomePage :64 - Mouse hover on laptop And Notebook Tab and click [[ChromeDriver: chrome on windows (ed24bf893709bce8a4347320ad3efb95)] -> link text: Laptops & Notebooks]
2024-06-25 16:06:205 INFO  HomePage :53 - Click Show AllLaptops & Notebooks from homepage Top menu  [[[ChromeDriver: chrome on windows (ed24bf893709bce8a4347320ad3efb95)] -> xpath: //nav[@id='menu']//ul/li[contains(@class, 'open')]/div/child::*], [[ChromeDriver: chrome on windows (ed24bf893709bce8a4347320ad3efb95)] -> xpath: //nav[@id='menu']//ul/li[contains(@class, 'open')]/div/child::*]]
2024-06-25 16:06:795 INFO  DesktopPage :62 - Select option product sorted by Price (High > Low)from sort by options [[ChromeDriver: chrome on windows (ed24bf893709bce8a4347320ad3efb95)] -> id: input-sort]
2024-06-25 16:06:844 INFO  LaptopsAndNotebooksPage :46 - Verify Product sorted  price High to low [[[ChromeDriver: chrome on windows (ed24bf893709bce8a4347320ad3efb95)] -> xpath: //p[@class ='price']], [[ChromeDriver: chrome on windows (ed24bf893709bce8a4347320ad3efb95)] -> xpath: //p[@class ='price']], [[ChromeDriver: chrome on windows (ed24bf893709bce8a4347320ad3efb95)] -> xpath: //p[@class ='price']], [[ChromeDriver: chrome on windows (ed24bf893709bce8a4347320ad3efb95)] -> xpath: //p[@class ='price']], [[ChromeDriver: chrome on windows (ed24bf893709bce8a4347320ad3efb95)] -> xpath: //p[@class ='price']]]
2024-06-25 16:06:879 INFO  LaptopsAndNotebooksPage :46 - Verify Product sorted  price High to low [[[ChromeDriver: chrome on windows (ed24bf893709bce8a4347320ad3efb95)] -> xpath: //p[@class ='price']], [[ChromeDriver: chrome on windows (ed24bf893709bce8a4347320ad3efb95)] -> xpath: //p[@class ='price']], [[ChromeDriver: chrome on windows (ed24bf893709bce8a4347320ad3efb95)] -> xpath: //p[@class ='price']], [[ChromeDriver: chrome on windows (ed24bf893709bce8a4347320ad3efb95)] -> xpath: //p[@class ='price']], [[ChromeDriver: chrome on windows (ed24bf893709bce8a4347320ad3efb95)] -> xpath: //p[@class ='price']]]
2024-06-25 16:06:369 INFO  HomePage :77 - Clicking on Currency on top of page [[ChromeDriver: chrome on windows (ca0d2bcd5015ec34bfb65e13898dfad7)] -> xpath: //span[normalize-space()='Currency']]
2024-06-25 16:06:409 INFO  HomePage :81 - Clicking on £Pound Sterling on top of page [[ChromeDriver: chrome on windows (ca0d2bcd5015ec34bfb65e13898dfad7)] -> xpath: //button[contains(text(),'£Pound Sterling')]]
2024-06-25 16:06:563 INFO  HomePage :64 - Mouse hover on laptop And Notebook Tab and click [[ChromeDriver: chrome on windows (ca0d2bcd5015ec34bfb65e13898dfad7)] -> link text: Laptops & Notebooks]
2024-06-25 16:06:605 INFO  HomePage :53 - Click Show AllLaptops & Notebooks from homepage Top menu  [[[ChromeDriver: chrome on windows (ca0d2bcd5015ec34bfb65e13898dfad7)] -> xpath: //nav[@id='menu']//ul/li[contains(@class, 'open')]/div/child::*], [[ChromeDriver: chrome on windows (ca0d2bcd5015ec34bfb65e13898dfad7)] -> xpath: //nav[@id='menu']//ul/li[contains(@class, 'open')]/div/child::*]]
2024-06-25 16:06:201 INFO  DesktopPage :62 - Select option product sorted by Price (High > Low)from sort by options [[ChromeDriver: chrome on windows (ca0d2bcd5015ec34bfb65e13898dfad7)] -> id: input-sort]
2024-06-25 16:06:176 INFO  LaptopsAndNotebooksPage :63 - Select HP LP3065[[ChromeDriver: chrome on windows (ca0d2bcd5015ec34bfb65e13898dfad7)] -> link text: HP LP3065]
2024-06-25 16:06:190 INFO  ProductPage :54 - Verify Product name : [[ChromeDriver: chrome on windows (ca0d2bcd5015ec34bfb65e13898dfad7)] -> css selector: div[id='content'] h1]
2024-06-25 16:06:343 INFO  ProductPage :84 - Clicking on Login Button [[ChromeDriver: chrome on windows (ca0d2bcd5015ec34bfb65e13898dfad7)] -> xpath: //button[@id='button-cart']]
2024-06-25 16:06:852 INFO  ProductPage :88 - Verify the Message “Success: You have added product to your shopping cart!” [[ChromeDriver: chrome on windows (ca0d2bcd5015ec34bfb65e13898dfad7)] -> xpath: //div[@class='alert alert-success alert-dismissible']]
2024-06-25 16:06:696 INFO  ProductPage :94 - Clicking on shopping cart Button [[ChromeDriver: chrome on windows (ca0d2bcd5015ec34bfb65e13898dfad7)] -> xpath: //a[normalize-space()='shopping cart']]
2024-06-25 16:06:709 INFO  ShoppingCartPage :39 -  Verify the text Shopping Cart [[ChromeDriver: chrome on windows (ca0d2bcd5015ec34bfb65e13898dfad7)] -> xpath: //h1[contains(text(),'Shopping Cart')]]
2024-06-25 16:06:727 INFO  ShoppingCartPage :44 - Verify the Product name [[ChromeDriver: chrome on windows (ca0d2bcd5015ec34bfb65e13898dfad7)] -> xpath: //div[@class = 'table-responsive']/table/tbody/tr/td[2]/a]
2024-06-25 16:06:811 INFO  ShoppingCartPage :61 - Change Quantity 2 to quantity field [[ChromeDriver: chrome on windows (ca0d2bcd5015ec34bfb65e13898dfad7)] -> xpath: //div[@class='input-group btn-block']/input[@type='text']]
2024-06-25 16:06:841 INFO  ShoppingCartPage :66 -  Click on “Update” Tab [[ChromeDriver: chrome on windows (ca0d2bcd5015ec34bfb65e13898dfad7)] -> xpath: //i[@class = 'fa fa-refresh']]
2024-06-25 16:06:862 INFO  ShoppingCartPage :70 - Getting welcome back text [[ChromeDriver: chrome on windows (ca0d2bcd5015ec34bfb65e13898dfad7)] -> xpath: //div[@id='checkout-cart']/div[1]]
2024-06-25 16:06:880 INFO  ShoppingCartPage :54 - Getting total amount in shopping cart : [[ChromeDriver: chrome on windows (ca0d2bcd5015ec34bfb65e13898dfad7)] -> xpath: //div[@class = 'table-responsive']/table/tbody/tr/td[6]]
2024-06-25 16:06:442 INFO  ShoppingCartPage :76 - Click on “Checkout” button [[ChromeDriver: chrome on windows (ca0d2bcd5015ec34bfb65e13898dfad7)] -> css selector: a.btn.btn-primary]
2024-06-25 16:06:460 INFO  CheckOutPage :70 - Verify the text “Checkout” [[ChromeDriver: chrome on windows (ca0d2bcd5015ec34bfb65e13898dfad7)] -> xpath: //div[@id='content']/h1]
2024-06-25 16:06:920 INFO  CheckOutPage :76 - Verify the Text “New Customer” [[ChromeDriver: chrome on windows (ca0d2bcd5015ec34bfb65e13898dfad7)] -> xpath: //h2[contains(text(),'New Customer')]]
2024-06-25 16:06:529 INFO  HomePage :96 - Select Register from myAccount drop down list [[[ChromeDriver: chrome on windows (2f3620f44c0fa41fd303a120d2d7b03a)] -> xpath: //ul[@class='dropdown-menu dropdown-menu-right']/li], [[ChromeDriver: chrome on windows (2f3620f44c0fa41fd303a120d2d7b03a)] -> xpath: //ul[@class='dropdown-menu dropdown-menu-right']/li]]
2024-06-25 16:06:547 INFO  RegisterPage :53 - Verify the text “Register Account”. [[ChromeDriver: chrome on windows (2f3620f44c0fa41fd303a120d2d7b03a)] -> xpath: //h1[contains(text(),'Register Account')]]
2024-06-25 16:06:744 INFO  HomePage :96 - Select Login from myAccount drop down list [[[ChromeDriver: chrome on windows (3d27a73942c560d14c3c98e6db849268)] -> xpath: //ul[@class='dropdown-menu dropdown-menu-right']/li], [[ChromeDriver: chrome on windows (3d27a73942c560d14c3c98e6db849268)] -> xpath: //ul[@class='dropdown-menu dropdown-menu-right']/li]]
2024-06-25 16:06:760 INFO  LoginPage :31 - Verify the text “Returning Customer” [[ChromeDriver: chrome on windows (3d27a73942c560d14c3c98e6db849268)] -> xpath: //h2[contains(text(),'Returning Customer')]]
2024-06-25 16:06:45 INFO  HomePage :96 - Select Register from myAccount drop down list [[[ChromeDriver: chrome on windows (7cfe1d1fa35ef40f409b9697067c381e)] -> xpath: //ul[@class='dropdown-menu dropdown-menu-right']/li], [[ChromeDriver: chrome on windows (7cfe1d1fa35ef40f409b9697067c381e)] -> xpath: //ul[@class='dropdown-menu dropdown-menu-right']/li]]
2024-06-25 16:06:108 INFO  RegisterPage :59 - Enter Firstname Test FN to Firstname field [[ChromeDriver: chrome on windows (7cfe1d1fa35ef40f409b9697067c381e)] -> id: input-firstname]
2024-06-25 16:06:165 INFO  RegisterPage :64 - Enter Lastname Test LN to Lastname field [[ChromeDriver: chrome on windows (7cfe1d1fa35ef40f409b9697067c381e)] -> id: input-lastname]
2024-06-25 16:06:267 INFO  RegisterPage :69 - Enter email tesfnln075@gmail.com to email field [[ChromeDriver: chrome on windows (7cfe1d1fa35ef40f409b9697067c381e)] -> id: input-email]
2024-06-25 16:06:334 INFO  RegisterPage :74 - Enter Telephone 07324234675 to Telephone field [[ChromeDriver: chrome on windows (7cfe1d1fa35ef40f409b9697067c381e)] -> id: input-telephone]
2024-06-25 16:06:390 INFO  RegisterPage :79 - Enter Password test@123 to Password field [[ChromeDriver: chrome on windows (7cfe1d1fa35ef40f409b9697067c381e)] -> id: input-password]
2024-06-25 16:06:443 INFO  RegisterPage :84 - Enter ConfirmPassword test@123 to ConfirmPassword field [[ChromeDriver: chrome on windows (7cfe1d1fa35ef40f409b9697067c381e)] -> id: input-confirm]
2024-06-25 16:06:465 INFO  RegisterPage :96 - Select Subscribe yes radio button [[[ChromeDriver: chrome on windows (7cfe1d1fa35ef40f409b9697067c381e)] -> xpath: //fieldset[3]//input], [[ChromeDriver: chrome on windows (7cfe1d1fa35ef40f409b9697067c381e)] -> xpath: //fieldset[3]//input]]
2024-06-25 16:06:505 INFO  RegisterPage :101 - Click on Privacy Policy check box [[ChromeDriver: chrome on windows (7cfe1d1fa35ef40f409b9697067c381e)] -> xpath: //input[@name='agree']]
2024-06-25 16:06:556 INFO  RegisterPage :106 - Clicking on Continue Button [[ChromeDriver: chrome on windows (7cfe1d1fa35ef40f409b9697067c381e)] -> xpath: //input[@type='submit']]
2024-06-25 16:06:620 INFO  RegisterPage :111 - Verify the message “Your Account Has Been Created!” Proxy element for: DefaultElementLocator 'By.xpath: //h1[text()='Your Account Has Been Created!']'
2024-06-25 16:06:325 INFO  HomePage :96 - Select Login from myAccount drop down list [[[ChromeDriver: chrome on windows (787b594485f92e1c5d869a45e35c272d)] -> xpath: //ul[@class='dropdown-menu dropdown-menu-right']/li], [[ChromeDriver: chrome on windows (787b594485f92e1c5d869a45e35c272d)] -> xpath: //ul[@class='dropdown-menu dropdown-menu-right']/li]]
2024-06-25 16:06:424 INFO  LoginPage :38 - Enter email tesfnln075@gmail.comto email field [[ChromeDriver: chrome on windows (787b594485f92e1c5d869a45e35c272d)] -> id: input-email]
2024-06-25 16:06:482 INFO  LoginPage :44 - Enter password test@123to password field [[ChromeDriver: chrome on windows (787b594485f92e1c5d869a45e35c272d)] -> id: input-password]
2024-06-25 16:06:162 INFO  LoginPage :50 - Clicking on Login Button [[ChromeDriver: chrome on windows (787b594485f92e1c5d869a45e35c272d)] -> xpath: //input[@value='Login']]
2024-06-25 16:06:228 INFO  LoginPage :55 - Verify text “My Account” Proxy element for: DefaultElementLocator 'By.xpath: //h2[text()='My Account']'
2024-06-25 16:06:653 INFO  HomePage :58 - Mouse hover on desktops Tab and click [[ChromeDriver: chrome on windows (b9977d5c406d8e0ae0086e096ec1dc1f)] -> link text: Desktops]
2024-06-25 16:06:153 INFO  HomePage :53 - Click Show AllDesktops from homepage Top menu  [[[ChromeDriver: chrome on windows (b9977d5c406d8e0ae0086e096ec1dc1f)] -> xpath: //nav[@id='menu']//ul/li[contains(@class, 'open')]/div/child::*], [[ChromeDriver: chrome on windows (b9977d5c406d8e0ae0086e096ec1dc1f)] -> xpath: //nav[@id='menu']//ul/li[contains(@class, 'open')]/div/child::*]]
2024-06-25 16:06:165 INFO  DesktopPage :32 - Verify the text ‘Desktops’[[ChromeDriver: chrome on windows (b9977d5c406d8e0ae0086e096ec1dc1f)] -> xpath: //h2[contains(text(),'Desktops')]]
2024-06-25 16:06:913 INFO  HomePage :64 - Mouse hover on laptop And Notebook Tab and click [[ChromeDriver: chrome on windows (cecadc6158649c11071ff584406f58a5)] -> link text: Laptops & Notebooks]
2024-06-25 16:06:20 INFO  HomePage :53 - Click Show AllLaptops & Notebooks from homepage Top menu  [[[ChromeDriver: chrome on windows (cecadc6158649c11071ff584406f58a5)] -> xpath: //nav[@id='menu']//ul/li[contains(@class, 'open')]/div/child::*], [[ChromeDriver: chrome on windows (cecadc6158649c11071ff584406f58a5)] -> xpath: //nav[@id='menu']//ul/li[contains(@class, 'open')]/div/child::*]]
2024-06-25 16:06:33 INFO  LaptopsAndNotebooksPage :34 - Verify the text ‘Laptops & Notebooks’ [[ChromeDriver: chrome on windows (cecadc6158649c11071ff584406f58a5)] -> xpath: //h2[contains(text(),'Laptops & Notebooks')]]
2024-06-25 16:06:395 INFO  HomePage :70 - Mouse hover on components Tab and click [[ChromeDriver: chrome on windows (3c19090a44ab159a6c8278bc5c886853)] -> link text: Components]
2024-06-25 16:06:451 INFO  HomePage :53 - Click Show AllComponents from homepage Top menu  [[[ChromeDriver: chrome on windows (3c19090a44ab159a6c8278bc5c886853)] -> xpath: //nav[@id='menu']//ul/li[contains(@class, 'open')]/div/child::*], [[ChromeDriver: chrome on windows (3c19090a44ab159a6c8278bc5c886853)] -> xpath: //nav[@id='menu']//ul/li[contains(@class, 'open')]/div/child::*]]
2024-06-25 16:06:467 INFO  ComponentsPage :18 - Verify the text ‘Components’ [[ChromeDriver: chrome on windows (3c19090a44ab159a6c8278bc5c886853)] -> xpath: //h2[contains(text(),'Components')]]
